2021-05-06 21:31:39,301 [Worker-3] INFO  c.g.t.t.d.PublishedGradleVersions - Gradle version information cache is out-of-date. Trying to update.
2021-05-07 12:55:37,495 [Worker-0] INFO  c.g.t.t.d.PublishedGradleVersions - Gradle version information cache is up-to-date. Trying to read.
2021-05-07 12:59:58,638 [Worker-0] INFO  o.e.m.c.i.l.LifecycleMappingFactory - Using org.eclipse.m2e.jdt.JarLifecycleMapping lifecycle mapping for MavenProject: org.com.restapitest:restapi:0.0.1-SNAPSHOT @ C:\Users\user\Desktop\JavaTraining\restapi\pom.xml.
2021-05-07 12:59:58,638 [Worker-2] INFO  o.e.m.c.i.l.LifecycleMappingFactory - Using org.eclipse.m2e.jdt.JarLifecycleMapping lifecycle mapping for MavenProject: org.com.restapitest:restapi:0.0.1-SNAPSHOT @ C:\Users\user\Desktop\JavaTraining\restapi\pom.xml.
2021-05-07 13:00:00,190 [Worker-2] INFO  o.e.m.c.i.embedder.EclipseLogger - Using 'UTF-8' encoding to copy filtered resources.
2021-05-07 13:00:00,190 [Worker-2] INFO  o.e.m.c.i.embedder.EclipseLogger - skip non existing resourceDirectory C:\Users\user\Desktop\JavaTraining\restapi\src\main\resources
2021-05-07 13:00:00,190 [Worker-2] INFO  o.e.m.c.i.embedder.EclipseLogger - Using 'UTF-8' encoding to copy filtered resources.
2021-05-07 13:00:00,190 [Worker-2] INFO  o.e.m.c.i.embedder.EclipseLogger - skip non existing resourceDirectory C:\Users\user\Desktop\JavaTraining\restapi\src\test\resources
2021-05-07 13:00:02,667 [Worker-3] INFO  o.e.m.c.i.l.LifecycleMappingFactory - Using org.eclipse.m2e.jdt.JarLifecycleMapping lifecycle mapping for MavenProject: org.com.restapitest:restapi:0.0.1-SNAPSHOT @ C:\Users\user\Desktop\JavaTraining\restapi\pom.xml.
2021-05-07 13:00:02,957 [Worker-8] INFO  o.e.m.c.i.embedder.EclipseLogger - Using 'UTF-8' encoding to copy filtered resources.
2021-05-07 13:00:02,957 [Worker-8] INFO  o.e.m.c.i.embedder.EclipseLogger - skip non existing resourceDirectory C:\Users\user\Desktop\JavaTraining\restapi\src\main\resources
2021-05-07 13:00:02,957 [Worker-8] INFO  o.e.m.c.i.embedder.EclipseLogger - Using 'UTF-8' encoding to copy filtered resources.
2021-05-07 13:00:02,957 [Worker-8] INFO  o.e.m.c.i.embedder.EclipseLogger - skip non existing resourceDirectory C:\Users\user\Desktop\JavaTraining\restapi\src\test\resources
2021-05-07 13:00:04,239 [Worker-9] INFO  o.e.m.c.i.embedder.EclipseLogger - Using 'UTF-8' encoding to copy filtered resources.
2021-05-07 13:00:04,239 [Worker-9] INFO  o.e.m.c.i.embedder.EclipseLogger - skip non existing resourceDirectory C:\Users\user\Desktop\JavaTraining\restapi\src\main\resources
2021-05-07 13:00:04,239 [Worker-9] INFO  o.e.m.c.i.embedder.EclipseLogger - Using 'UTF-8' encoding to copy filtered resources.
2021-05-07 13:00:04,239 [Worker-9] INFO  o.e.m.c.i.embedder.EclipseLogger - skip non existing resourceDirectory C:\Users\user\Desktop\JavaTraining\restapi\src\test\resources
2021-05-07 13:00:46,616 [Worker-6] INFO  o.e.m.c.i.embedder.EclipseLogger - Using 'UTF-8' encoding to copy filtered resources.
2021-05-07 13:00:46,616 [Worker-6] INFO  o.e.m.c.i.embedder.EclipseLogger - skip non existing resourceDirectory C:\Users\user\Desktop\JavaTraining\restapi\src\main\resources
2021-05-07 13:00:46,616 [Worker-6] INFO  o.e.m.c.i.embedder.EclipseLogger - Using 'UTF-8' encoding to copy filtered resources.
2021-05-07 13:00:46,616 [Worker-6] INFO  o.e.m.c.i.embedder.EclipseLogger - skip non existing resourceDirectory C:\Users\user\Desktop\JavaTraining\restapi\src\test\resources
2021-05-07 13:30:36,116 [Worker-34] INFO  o.e.m.c.i.l.LifecycleMappingFactory - Using org.eclipse.m2e.jdt.JarLifecycleMapping lifecycle mapping for MavenProject: FreeCRMTestAutomation:FreeCRMTest:0.0.1-SNAPSHOT @ C:\Users\user\Desktop\JavaTraining\FreeCRMTest\pom.xml.
2021-05-07 13:30:43,385 [Worker-34] INFO  o.e.m.c.i.embedder.EclipseLogger - Using 'UTF-8' encoding to copy filtered resources.
2021-05-07 13:30:43,963 [Worker-21] INFO  o.e.m.c.i.l.LifecycleMappingFactory - Using org.eclipse.m2e.jdt.JarLifecycleMapping lifecycle mapping for MavenProject: FreeCRMTestAutomation:FreeCRMTest:0.0.1-SNAPSHOT @ C:\Users\user\Desktop\JavaTraining\FreeCRMTest\pom.xml.
2021-05-07 13:30:45,160 [Worker-34] INFO  o.e.m.c.i.embedder.EclipseLogger - Copying 2 resources
2021-05-07 13:30:46,065 [Worker-34] INFO  o.e.m.c.i.embedder.EclipseLogger - Using 'UTF-8' encoding to copy filtered resources.
2021-05-07 13:30:46,080 [Worker-34] INFO  o.e.m.c.i.embedder.EclipseLogger - skip non existing resourceDirectory C:\Users\user\Desktop\JavaTraining\FreeCRMTest\src\test\resources
2021-05-07 13:30:46,868 [Worker-26] INFO  o.e.m.c.i.embedder.EclipseLogger - Using 'UTF-8' encoding to copy filtered resources.
2021-05-07 13:30:46,871 [Worker-26] INFO  o.e.m.c.i.embedder.EclipseLogger - Copying 0 resource
2021-05-07 13:30:46,882 [Worker-26] INFO  o.e.m.c.i.embedder.EclipseLogger - Using 'UTF-8' encoding to copy filtered resources.
2021-05-07 13:30:46,882 [Worker-26] INFO  o.e.m.c.i.embedder.EclipseLogger - skip non existing resourceDirectory C:\Users\user\Desktop\JavaTraining\FreeCRMTest\src\test\resources
2021-05-07 13:34:06,081 [Worker-31] INFO  o.e.m.c.i.embedder.EclipseLogger - Using 'UTF-8' encoding to copy filtered resources.
2021-05-07 13:34:06,081 [Worker-31] INFO  o.e.m.c.i.embedder.EclipseLogger - Copying 0 resource
2021-05-07 13:34:06,143 [Worker-31] INFO  o.e.m.c.i.embedder.EclipseLogger - Using 'UTF-8' encoding to copy filtered resources.
2021-05-07 13:34:06,159 [Worker-31] INFO  o.e.m.c.i.embedder.EclipseLogger - skip non existing resourceDirectory C:\Users\user\Desktop\JavaTraining\FreeCRMTest\src\test\resources
